Microarchitecure Suite Version 3.20.20
UAC Compiler Version 2.5 @ 16.12.2022 15:14:30

===========================Assembler===========================
Analyzing ASM finished.
Note: Variable "n_calc" declared but not used.
Note: Variable "UA_INIT_ADC_CONVERSION_CONF" declared but not used.
Note: Variable "ua_tmp_5" declared but not used.
Start creating output files...
 - Warning: PID File doesn't exist, use 0xFFFFFFFF for whole PID Table!
 - Warning: SMEM File doesn't exist, use 0xFFFFFFFF for whole SMEM!
 - Warning: ENPMEM File doesn't exist, use 0xFFFFFFFF for whole ENPMEM!
 - Warning: Bluetooth Password File doesn't exist, use 0xFFFFFFFF for whole Bluetooth Password!
 - Warning: PID File doesn't exist, use 0xFFFFFFFF for whole PID Table!
 - Warning: SMEM File doesn't exist, use 0xFFFFFFFF for whole SMEM!
 - Warning: ENPMEM File doesn't exist, use 0xFFFFFFFF for whole ENPMEM!
 - Warning: Bluetooth Password File doesn't exist, use 0xFFFFFFFF for whole Bluetooth Password!
	- BIN Files
	- MAP Files
	- TXT Files

All files generated successfully.

-------------Memory usage:-------------------------------------
IMEM:	883 of 2048
DMEM:	323 of 1024	(126 checked param. + 1 CRC)
---------------------------------------------------------------
Workload AU: 34,3%; LU: 20,5%; LD/ST: 89,7% (Concurr.: 22,3%)


===================Longest Path Analyzation====================
Info: The Path analyzer couldn't finish. This error can occur if there is an (endless) loop.


==========================Programmer===========================
Connecting Programmer...Failed!
