Microarchitecure Suite Version 3.20.20
UAC Compiler Version 2.5 @ 16.12.2022 15:14:30

===========================Assembler===========================
Analyzing ASM finished.
Note: Variable "UA_INIT_ADC_CONVERSION_CONF" declared but not used.
Start creating output files...
 - Warning: PID File doesn't exist, use 0xFFFFFFFF for whole PID Table!
 - Warning: SMEM File doesn't exist, use 0xFFFFFFFF for whole SMEM!
 - Warning: ENPMEM File doesn't exist, use 0xFFFFFFFF for whole ENPMEM!
 - Warning: Bluetooth Password File doesn't exist, use 0xFFFFFFFF for whole Bluetooth Password!
 - Warning: PID File doesn't exist, use 0xFFFFFFFF for whole PID Table!
 - Warning: SMEM File doesn't exist, use 0xFFFFFFFF for whole SMEM!
 - Warning: ENPMEM File doesn't exist, use 0xFFFFFFFF for whole ENPMEM!
 - Warning: Bluetooth Password File doesn't exist, use 0xFFFFFFFF for whole Bluetooth Password!
	- BIN Files
	- MAP Files
	- TXT Files

All files generated successfully.

-------------Memory usage:-------------------------------------
IMEM:	797 of 2048
DMEM:	301 of 1024	(121 checked param. + 1 CRC)
---------------------------------------------------------------
Workload AU: 35,8%; LU: 21,7%; LD/ST: 89,5% (Concurr.: 23,5%)


===================Longest Path Analyzation====================
Info: The Path analyzer couldn't finish. This error can occur if there is an (endless) loop.


==========================Programmer===========================
Connecting Programmer...Connected
Set Up Programmer...Done


DMEM:
Writing 4096 Bytes to EEPROM ...Done
Verifying Memory ...Unsuccessful


Retry Nr. 1
Writing 4096 Bytes to EEPROM ...Done
Verifying Memory ...Unsuccessful
Disconnecting Programmer...Done

